{"C:\\Users\\This_user\\Desktop\\bootcamp\\NODE.JS\\User.js": {"path":"C:\\Users\\This_user\\Desktop\\bootcamp\\NODE.JS\\User.js","statementMap":{"0":{"start":{"line":4,"column":8},"end":{"line":4,"column":19}},"1":{"start":{"line":5,"column":8},"end":{"line":5,"column":23}},"2":{"start":{"line":6,"column":8},"end":{"line":6,"column":25}},"3":{"start":{"line":7,"column":8},"end":{"line":7,"column":25}},"4":{"start":{"line":8,"column":8},"end":{"line":8,"column":23}},"5":{"start":{"line":11,"column":0},"end":{"line":11,"column":20}}},"fnMap":{"0":{"name":"(anonymous_0)","decl":{"start":{"line":2,"column":4},"end":{"line":2,"column":5}},"loc":{"start":{"line":2,"column":41},"end":{"line":9,"column":5}},"line":2}},"branchMap":{},"s":{"0":0,"1":0,"2":0,"3":0,"4":0,"5":1},"f":{"0":0},"b":{},"_coverageSchema":"1a1c01bbd47fc00a2c39e90264f33305004495a9","hash":"85828a67f5a76e8dc6d5be85f6b1dc27be0cd3d0"}
,"C:\\Users\\This_user\\Desktop\\bootcamp\\NODE.JS\\controller\\UserController.js": {"path":"C:\\Users\\This_user\\Desktop\\bootcamp\\NODE.JS\\controller\\UserController.js","statementMap":{"0":{"start":{"line":1,"column":13},"end":{"line":1,"column":31}},"1":{"start":{"line":2,"column":14},"end":{"line":2,"column":30}},"2":{"start":{"line":3,"column":19},"end":{"line":3,"column":42}},"3":{"start":{"line":6,"column":16},"end":{"line":11,"column":1}},"4":{"start":{"line":13,"column":0},"end":{"line":78,"column":1}},"5":{"start":{"line":15,"column":18},"end":{"line":15,"column":31}},"6":{"start":{"line":16,"column":19},"end":{"line":16,"column":51}},"7":{"start":{"line":16,"column":39},"end":{"line":16,"column":50}},"8":{"start":{"line":17,"column":8},"end":{"line":20,"column":34}},"9":{"start":{"line":18,"column":12},"end":{"line":18,"column":46}},"10":{"start":{"line":20,"column":12},"end":{"line":20,"column":34}},"11":{"start":{"line":23,"column":8},"end":{"line":23,"column":27}},"12":{"start":{"line":27,"column":8},"end":{"line":59,"column":9}},"13":{"start":{"line":28,"column":25},"end":{"line":28,"column":38}},"14":{"start":{"line":29,"column":12},"end":{"line":35,"column":13}},"15":{"start":{"line":30,"column":16},"end":{"line":30,"column":45}},"16":{"start":{"line":33,"column":16},"end":{"line":33,"column":47}},"17":{"start":{"line":36,"column":26},"end":{"line":36,"column":40}},"18":{"start":{"line":37,"column":12},"end":{"line":42,"column":13}},"19":{"start":{"line":38,"column":16},"end":{"line":38,"column":46}},"20":{"start":{"line":40,"column":16},"end":{"line":40,"column":48}},"21":{"start":{"line":41,"column":16},"end":{"line":41,"column":44}},"22":{"start":{"line":43,"column":28},"end":{"line":43,"column":73}},"23":{"start":{"line":44,"column":27},"end":{"line":44,"column":35}},"24":{"start":{"line":45,"column":29},"end":{"line":45,"column":156}},"25":{"start":{"line":46,"column":12},"end":{"line":46,"column":44}},"26":{"start":{"line":47,"column":12},"end":{"line":56,"column":13}},"27":{"start":{"line":48,"column":16},"end":{"line":48,"column":40}},"28":{"start":{"line":52,"column":41},"end":{"line":52,"column":65}},"29":{"start":{"line":53,"column":16},"end":{"line":53,"column":52}},"30":{"start":{"line":54,"column":16},"end":{"line":54,"column":41}},"31":{"start":{"line":55,"column":16},"end":{"line":55,"column":35}},"32":{"start":{"line":58,"column":12},"end":{"line":58,"column":31}},"33":{"start":{"line":64,"column":8},"end":{"line":75,"column":9}},"34":{"start":{"line":65,"column":27},"end":{"line":65,"column":40}},"35":{"start":{"line":66,"column":26},"end":{"line":66,"column":73}},"36":{"start":{"line":66,"column":54},"end":{"line":66,"column":72}},"37":{"start":{"line":67,"column":12},"end":{"line":72,"column":13}},"38":{"start":{"line":68,"column":16},"end":{"line":68,"column":43}},"39":{"start":{"line":69,"column":16},"end":{"line":69,"column":71}},"40":{"start":{"line":71,"column":16},"end":{"line":71,"column":73}},"41":{"start":{"line":74,"column":12},"end":{"line":74,"column":31}}},"fnMap":{"0":{"name":"(anonymous_0)","decl":{"start":{"line":14,"column":13},"end":{"line":14,"column":14}},"loc":{"start":{"line":14,"column":33},"end":{"line":21,"column":5}},"line":14},"1":{"name":"(anonymous_1)","decl":{"start":{"line":16,"column":34},"end":{"line":16,"column":35}},"loc":{"start":{"line":16,"column":39},"end":{"line":16,"column":50}},"line":16},"2":{"name":"(anonymous_2)","decl":{"start":{"line":22,"column":12},"end":{"line":22,"column":13}},"loc":{"start":{"line":22,"column":32},"end":{"line":24,"column":5}},"line":22},"3":{"name":"(anonymous_3)","decl":{"start":{"line":26,"column":9},"end":{"line":26,"column":10}},"loc":{"start":{"line":26,"column":29},"end":{"line":60,"column":5}},"line":26},"4":{"name":"(anonymous_4)","decl":{"start":{"line":63,"column":12},"end":{"line":63,"column":13}},"loc":{"start":{"line":63,"column":32},"end":{"line":76,"column":5}},"line":63},"5":{"name":"(anonymous_5)","decl":{"start":{"line":66,"column":46},"end":{"line":66,"column":47}},"loc":{"start":{"line":66,"column":54},"end":{"line":66,"column":72}},"line":66}},"branchMap":{"0":{"loc":{"start":{"line":17,"column":8},"end":{"line":20,"column":34}},"type":"if","locations":[{"start":{"line":17,"column":8},"end":{"line":20,"column":34}},{"start":{"line":20,"column":12},"end":{"line":20,"column":34}}],"line":17},"1":{"loc":{"start":{"line":29,"column":12},"end":{"line":35,"column":13}},"type":"if","locations":[{"start":{"line":29,"column":12},"end":{"line":35,"column":13}},{"start":{"line":32,"column":19},"end":{"line":35,"column":13}}],"line":29},"2":{"loc":{"start":{"line":37,"column":12},"end":{"line":42,"column":13}},"type":"if","locations":[{"start":{"line":37,"column":12},"end":{"line":42,"column":13}},{"start":{"line":39,"column":19},"end":{"line":42,"column":13}}],"line":37},"3":{"loc":{"start":{"line":47,"column":12},"end":{"line":56,"column":13}},"type":"if","locations":[{"start":{"line":47,"column":12},"end":{"line":56,"column":13}},{"start":{"line":50,"column":19},"end":{"line":56,"column":13}}],"line":47},"4":{"loc":{"start":{"line":67,"column":12},"end":{"line":72,"column":13}},"type":"if","locations":[{"start":{"line":67,"column":12},"end":{"line":72,"column":13}},{"start":{"line":70,"column":19},"end":{"line":72,"column":13}}],"line":67}},"s":{"0":1,"1":1,"2":1,"3":1,"4":1,"5":0,"6":0,"7":0,"8":0,"9":0,"10":0,"11":0,"12":0,"13":0,"14":0,"15":0,"16":0,"17":0,"18":0,"19":0,"20":0,"21":0,"22":0,"23":0,"24":0,"25":0,"26":0,"27":0,"28":0,"29":0,"30":0,"31":0,"32":0,"33":0,"34":0,"35":0,"36":0,"37":0,"38":0,"39":0,"40":0,"41":0},"f":{"0":0,"1":0,"2":0,"3":0,"4":0,"5":0},"b":{"0":[0,0],"1":[0,0],"2":[0,0],"3":[0,0],"4":[0,0]},"_coverageSchema":"1a1c01bbd47fc00a2c39e90264f33305004495a9","hash":"5af67996c6543783a95ecaa463a5dc36542e3f83"}
,"C:\\Users\\This_user\\Desktop\\bootcamp\\NODE.JS\\controller\\validation.js": {"path":"C:\\Users\\This_user\\Desktop\\bootcamp\\NODE.JS\\controller\\validation.js","statementMap":{"0":{"start":{"line":2,"column":18},"end":{"line":2,"column":62}},"1":{"start":{"line":3,"column":4},"end":{"line":3,"column":28}},"2":{"start":{"line":8,"column":18},"end":{"line":8,"column":46}},"3":{"start":{"line":9,"column":4},"end":{"line":9,"column":29}},"4":{"start":{"line":11,"column":2},"end":{"line":14,"column":3}}},"fnMap":{"0":{"name":"validateName","decl":{"start":{"line":1,"column":9},"end":{"line":1,"column":21}},"loc":{"start":{"line":1,"column":28},"end":{"line":4,"column":3}},"line":1},"1":{"name":"validateEmail","decl":{"start":{"line":7,"column":11},"end":{"line":7,"column":24}},"loc":{"start":{"line":7,"column":32},"end":{"line":10,"column":3}},"line":7}},"branchMap":{},"s":{"0":2,"1":2,"2":2,"3":2,"4":1},"f":{"0":2,"1":2},"b":{},"_coverageSchema":"1a1c01bbd47fc00a2c39e90264f33305004495a9","hash":"5b3469608824b0c306e21ae8f064116f70fde0dc"}
}
